<?xml version="1.0" encoding="UTF-8"?>
<!-- Generated by org.testng.reporters.JUnitXMLReporter -->
<testsuite hostname="rafi" ignored="0" name="sprint" tests="3" failures="1" timestamp="27 Nov 2017 10:40:27 GMT" time="0.205" errors="0">
  <testcase name="fb" time="0.049" classname="testNG.Test1"/>
  <testcase name="Twitter" time="0.009" classname="testNG.Test2"/>
  <testcase name="TV" time="0.016" classname="testNG.Test3">
    <failure type="java.lang.AssertionError" message="expected [true] but found [false]">
      <![CDATA[java.lang.AssertionError: expected [true] but found [false]
	at testNG.Test3.TV(Test3.java:9)
... Removed 29 stack frames]]>
    </failure>
  </testcase> <!-- TV -->
</testsuite> <!-- sprint -->
