<?xml version="1.0" encoding="UTF-8"?>
<!-- Generated by org.testng.reporters.JUnitXMLReporter -->
<testsuite hostname="rafi" ignored="0" name="sprint(failed)" tests="1" failures="1" timestamp="27 Nov 2017 10:45:42 GMT" time="0.109" errors="0">
  <testcase name="TV" time="0.035" classname="testNG.Test3">
    <failure type="java.lang.AssertionError" message="expected [true] but found [false]">
      <![CDATA[java.lang.AssertionError: expected [true] but found [false]
	at testNG.Test3.TV(Test3.java:9)
... Removed 29 stack frames]]>
    </failure>
  </testcase> <!-- TV -->
</testsuite> <!-- sprint(failed) -->
