<?xml version="1.0" encoding="UTF-8"?>
<testng-results skipped="0" failed="0" ignored="0" total="1" passed="1">
  <reporter-output>
  </reporter-output>
  <suite name="Default suite" duration-ms="63925" started-at="2017-12-19T05:57:44Z" finished-at="2017-12-19T05:58:48Z">
    <groups>
    </groups>
    <test name="Default test" duration-ms="63925" started-at="2017-12-19T05:57:44Z" finished-at="2017-12-19T05:58:48Z">
      <class name="com.automation.selenium.Mavendemo">
        <test-method status="PASS" signature="testHello()[pri:0, instance:com.automation.selenium.Mavendemo@4439f31e]" name="testHello" duration-ms="63902" started-at="2017-12-19T11:27:44Z" finished-at="2017-12-19T11:28:48Z">
          <reporter-output>
          </reporter-output>
        </test-method> <!-- testHello -->
      </class> <!-- com.automation.selenium.Mavendemo -->
    </test> <!-- Default test -->
  </suite> <!-- Default suite -->
</testng-results>
